<?xml version="1.0" encoding="UTF-8"?>
<!-- Generated by org.testng.reporters.JUnitXMLReporter -->
<testsuite hostname="NCDWIN7PXD17050" name="POC_tests3" tests="43" failures="3" timestamp="13 Nov 2017 14:36:42 GMT" time="1678.806" errors="0">
  <testcase name="category" time="22.789" classname="au.wow.ngbomain.tests.oocreporttest"/>
  <testcase name="partialdepartmentdaily" time="23.266" classname="au.wow.ngbomain.tests.RoutinesTest"/>
  <testcase name="datediscrepancy" time="28.0" classname="au.wow.ngbomain.tests.ltoreporttest"/>
  <testcase name="dbfilter" time="21.275" classname="au.wow.ngbomain.tests.ltoreporttest">
    <skipped/>
  </testcase> <!-- dbfilter -->
  <testcase name="partialdepartmentweekly" time="28.543" classname="au.wow.ngbomain.tests.RoutinesTest"/>
  <testcase name="dateselectiondiscrepancy" time="45.723" classname="au.wow.ngbomain.tests.oocreporttest"/>
  <testcase name="primarydepartmentdaily" time="21.249" classname="au.wow.ngbomain.tests.RoutinesTest">
    <skipped/>
  </testcase> <!-- primarydepartmentdaily -->
  <testcase name="dbfilter" time="41.577" classname="au.wow.ngbomain.tests.ltoreporttest"/>
  <testcase name="multdept" time="22.405" classname="au.wow.ngbomain.tests.oocreporttest"/>
  <testcase name="primarydepartmentdaily" time="20.545" classname="au.wow.ngbomain.tests.RoutinesTest">
    <skipped/>
  </testcase> <!-- primarydepartmentdaily -->
  <testcase name="nodepartment" time="21.625" classname="au.wow.ngbomain.tests.oocreporttest"/>
  <testcase name="ltoauditdescription" time="25.638" classname="au.wow.ngbomain.tests.ltoreporttest"/>
  <testcase name="primarydepartmentdaily" time="20.71" classname="au.wow.ngbomain.tests.RoutinesTest">
    <failure type="org.openqa.selenium.WebDriverException" message="Build info: version: &amp;apos;2.53.0&amp;apos;, revision: &amp;apos;35ae25b&amp;apos;, time: &amp;apos;2016-03-15 16:57:40&amp;apos;
System info: host: &amp;apos;NCDWIN7PXD17050&amp;apos;, ip: &amp;apos;10.136.232.201&amp;apos;, os.name: &amp;apos;Windows 7&amp;apos;, os.arch: &amp;apos;amd64&amp;apos;, os.version: &amp;apos;6.1&amp;apos;, java.version: &amp;apos;1.8.0_131&amp;apos;
Driver info: driver.version: unknown">
      <![CDATA[org.openqa.selenium.WebDriverException: Build info: version: '2.53.0', revision: '35ae25b', time: '2016-03-15 16:57:40'
System info: host: 'NCDWIN7PXD17050', ip: '10.136.232.201', os.name: 'Windows 7', os.arch: 'amd64', os.version: '6.1', java.version: '1.8.0_131'
Driver info: driver.version: unknown
	at au.wow.ngbo.utils.CustomException.exceptionHandler(CustomException.java:65)
	at au.wow.ngbo.utils.CustomException.<init>(CustomException.java:23)
	at au.wow.ngbo.utils.BasePage.click(BasePage.java:478)
	at au.wow.ngbomain.pages.RoutinesPage.fordateprimary2(RoutinesPage.java:363)
	at au.wow.ngbomain.tests.RoutinesTest.primarydepartmentdaily(RoutinesTest.java:189)
	at java.util.concurrent.ThreadPoolExecutor.runWorker(Unknown Source)
	at java.util.concurrent.ThreadPoolExecutor$Worker.run(Unknown Source)
	at java.lang.Thread.run(Unknown Source)
... Removed 10 stack frames]]>
    </failure>
  </testcase> <!-- primarydepartmentdaily -->
  <testcase name="primarydepartment1" time="23.211" classname="au.wow.ngbomain.tests.oocreporttest"/>
  <testcase name="ltoauditean" time="25.535" classname="au.wow.ngbomain.tests.ltoreporttest"/>
  <testcase name="primarydepartmentweekly" time="22.94" classname="au.wow.ngbomain.tests.RoutinesTest"/>
  <testcase name="segment" time="22.627" classname="au.wow.ngbomain.tests.oocreporttest"/>
  <testcase name="ltoauditmatnr" time="21.149" classname="au.wow.ngbomain.tests.ltoreporttest"/>
  <testcase name="verifyreportdaily" time="29.272" classname="au.wow.ngbomain.tests.RoutinesTest"/>
  <testcase name="subcategory" time="21.272" classname="au.wow.ngbomain.tests.oocreporttest">
    <skipped/>
  </testcase> <!-- subcategory -->
  <testcase name="ltoauditplu" time="25.583" classname="au.wow.ngbomain.tests.ltoreporttest"/>
  <testcase name="verifyreportweekly" time="28.37" classname="au.wow.ngbomain.tests.RoutinesTest"/>
  <testcase name="subcategory" time="22.891" classname="au.wow.ngbomain.tests.oocreporttest">
    <skipped/>
  </testcase> <!-- subcategory -->
  <testcase name="ltoaudittun" time="25.681" classname="au.wow.ngbomain.tests.ltoreporttest"/>
  <testcase name="subcategory" time="23.324" classname="au.wow.ngbomain.tests.oocreporttest">
    <failure type="java.lang.IllegalArgumentException" message="bound must be greater than origin">
      <![CDATA[java.lang.IllegalArgumentException: bound must be greater than origin
	at java.util.concurrent.ThreadLocalRandom.nextInt(Unknown Source)
	at au.wow.ngbomain.pages.oocreportpages.subcateglevel(oocreportpages.java:836)
	at au.wow.ngbomain.tests.oocreporttest.subcategory(oocreporttest.java:489)
	at java.util.concurrent.ThreadPoolExecutor.runWorker(Unknown Source)
	at java.util.concurrent.ThreadPoolExecutor$Worker.run(Unknown Source)
	at java.lang.Thread.run(Unknown Source)
... Removed 10 stack frames]]>
    </failure>
  </testcase> <!-- subcategory -->
  <testcase name="ltocountdescription" time="58.47" classname="au.wow.ngbomain.tests.ltoreporttest"/>
  <testcase name="verifyreport" time="46.563" classname="au.wow.ngbomain.tests.oocreporttest"/>
  <testcase name="ltocountean" time="57.963" classname="au.wow.ngbomain.tests.ltoreporttest"/>
  <testcase name="verifyreportpartial" time="37.777" classname="au.wow.ngbomain.tests.oocreporttest"/>
  <testcase name="ltocountmatnr" time="59.147" classname="au.wow.ngbomain.tests.ltoreporttest"/>
  <testcase name="ltocountplu" time="47.577" classname="au.wow.ngbomain.tests.ltoreporttest"/>
  <testcase name="ltocounttun" time="88.327" classname="au.wow.ngbomain.tests.ltoreporttest"/>
  <testcase name="ltologsdescription" time="58.767" classname="au.wow.ngbomain.tests.ltoreporttest"/>
  <testcase name="ltologsean" time="56.967" classname="au.wow.ngbomain.tests.ltoreporttest"/>
  <testcase name="ltologsmatnr" time="42.776" classname="au.wow.ngbomain.tests.ltoreporttest"/>
  <testcase name="ltologsplu" time="73.018" classname="au.wow.ngbomain.tests.ltoreporttest"/>
  <testcase name="ltologstun" time="73.263" classname="au.wow.ngbomain.tests.ltoreporttest"/>
  <testcase name="nonltoarticles" time="65.214" classname="au.wow.ngbomain.tests.ltoreporttest">
    <skipped/>
  </testcase> <!-- nonltoarticles -->
  <testcase name="nonltoarticles" time="65.762" classname="au.wow.ngbomain.tests.ltoreporttest">
    <skipped/>
  </testcase> <!-- nonltoarticles -->
  <testcase name="nonltoarticles" time="65.648" classname="au.wow.ngbomain.tests.ltoreporttest">
    <failure type="org.openqa.selenium.TimeoutException" message="Timed out after 30 seconds waiting for visibility of Proxy element for: DefaultElementLocator &amp;apos;By.linkText: Logout&amp;apos;
Build info: version: &amp;apos;2.53.0&amp;apos;, revision: &amp;apos;35ae25b&amp;apos;, time: &amp;apos;2016-03-15 16:57:40&amp;apos;
System info: host: &amp;apos;NCDWIN7PXD17050&amp;apos;, ip: &amp;apos;10.136.232.201&amp;apos;, os.name: &amp;apos;Windows 7&amp;apos;, os.arch: &amp;apos;amd64&amp;apos;, os.version: &amp;apos;6.1&amp;apos;, java.version: &amp;apos;1.8.0_131&amp;apos;
Driver info: org.openqa.selenium.chrome.ChromeDriver
Capabilities [{applicationCacheEnabled=false, rotatable=false, mobileEmulationEnabled=false, networkConnectionEnabled=false, chrome={chromedriverVersion=2.30.477700 (0057494ad8732195794a7b32078424f92a5fce41), userDataDir=C:\Users\xmmni\AppData\Local\Temp\scoped_dir20704_20127}, takesHeapSnapshot=true, pageLoadStrategy=normal, databaseEnabled=false, handlesAlerts=true, hasTouchScreen=false, version=59.0.3071.86, platform=XP, browserConnectionEnabled=false, nativeEvents=true, acceptSslCerts=true, locationContextEnabled=true, webStorageEnabled=true, browserName=chrome, takesScreenshot=true, javascriptEnabled=true, cssSelectorsEnabled=true, unexpectedAlertBehaviour=}]
Session ID: 2aed177c02dcd923c6471254a8bc425c">
      <![CDATA[org.openqa.selenium.TimeoutException: Timed out after 30 seconds waiting for visibility of Proxy element for: DefaultElementLocator 'By.linkText: Logout'
Build info: version: '2.53.0', revision: '35ae25b', time: '2016-03-15 16:57:40'
System info: host: 'NCDWIN7PXD17050', ip: '10.136.232.201', os.name: 'Windows 7', os.arch: 'amd64', os.version: '6.1', java.version: '1.8.0_131'
Driver info: org.openqa.selenium.chrome.ChromeDriver
Capabilities [{applicationCacheEnabled=false, rotatable=false, mobileEmulationEnabled=false, networkConnectionEnabled=false, chrome={chromedriverVersion=2.30.477700 (0057494ad8732195794a7b32078424f92a5fce41), userDataDir=C:\Users\xmmni\AppData\Local\Temp\scoped_dir20704_20127}, takesHeapSnapshot=true, pageLoadStrategy=normal, databaseEnabled=false, handlesAlerts=true, hasTouchScreen=false, version=59.0.3071.86, platform=XP, browserConnectionEnabled=false, nativeEvents=true, acceptSslCerts=true, locationContextEnabled=true, webStorageEnabled=true, browserName=chrome, takesScreenshot=true, javascriptEnabled=true, cssSelectorsEnabled=true, unexpectedAlertBehaviour=}]
Session ID: 2aed177c02dcd923c6471254a8bc425c
	at org.openqa.selenium.support.ui.WebDriverWait.timeoutException(WebDriverWait.java:80)
	at org.openqa.selenium.support.ui.FluentWait.until(FluentWait.java:261)
	at au.wow.ngbo.utils.BasePage.waitForElement(BasePage.java:250)
	at au.wow.ngbomain.pages.WoWLoginPage.logoutFromAppl(WoWLoginPage.java:394)
	at au.wow.ngbomain.tests.ltoreporttest.nonltoarticles(ltoreporttest.java:1635)
	at java.util.concurrent.ThreadPoolExecutor.runWorker(Unknown Source)
	at java.util.concurrent.ThreadPoolExecutor$Worker.run(Unknown Source)
	at java.lang.Thread.run(Unknown Source)
Caused by: org.openqa.selenium.NoSuchElementException: no such element: Unable to locate element: {"method":"link text","selector":"Logout"}
  (Session info: chrome=59.0.3071.86)
  (Driver info: chromedriver=2.30.477700 (0057494ad8732195794a7b32078424f92a5fce41),platform=Windows NT 6.1.7601 SP1 x86_64) (WARNING: The server did not provide any stacktrace information)
Command duration or timeout: 5.01 seconds
For documentation on this error, please visit: http://seleniumhq.org/exceptions/no_such_element.html
Build info: version: '2.53.0', revision: '35ae25b', time: '2016-03-15 16:57:40'
System info: host: 'NCDWIN7PXD17050', ip: '10.136.232.201', os.name: 'Windows 7', os.arch: 'amd64', os.version: '6.1', java.version: '1.8.0_131'
Driver info: org.openqa.selenium.chrome.ChromeDriver
Capabilities [{applicationCacheEnabled=false, rotatable=false, mobileEmulationEnabled=false, networkConnectionEnabled=false, chrome={chromedriverVersion=2.30.477700 (0057494ad8732195794a7b32078424f92a5fce41), userDataDir=C:\Users\xmmni\AppData\Local\Temp\scoped_dir20704_20127}, takesHeapSnapshot=true, pageLoadStrategy=normal, databaseEnabled=false, handlesAlerts=true, hasTouchScreen=false, version=59.0.3071.86, platform=XP, browserConnectionEnabled=false, nativeEvents=true, acceptSslCerts=true, locationContextEnabled=true, webStorageEnabled=true, browserName=chrome, takesScreenshot=true, javascriptEnabled=true, cssSelectorsEnabled=true, unexpectedAlertBehaviour=}]
Session ID: 2aed177c02dcd923c6471254a8bc425c
*** Element info: {Using=link text, value=Logout}
	at org.openqa.selenium.remote.ErrorHandler.createThrowable(ErrorHandler.java:206)
	at org.openqa.selenium.remote.ErrorHandler.throwIfResponseFailed(ErrorHandler.java:158)
	at org.openqa.selenium.remote.RemoteWebDriver.execute(RemoteWebDriver.java:678)
	at org.openqa.selenium.remote.RemoteWebDriver.findElement(RemoteWebDriver.java:363)
	at org.openqa.selenium.remote.RemoteWebDriver.findElementByLinkText(RemoteWebDriver.java:428)
	at org.openqa.selenium.By$ByLinkText.findElement(By.java:246)
	at org.openqa.selenium.remote.RemoteWebDriver.findElement(RemoteWebDriver.java:355)
	at org.openqa.selenium.support.pagefactory.DefaultElementLocator.findElement(DefaultElementLocator.java:69)
	at org.openqa.selenium.support.pagefactory.internal.LocatingElementHandler.invoke(LocatingElementHandler.java:38)
	at com.sun.proxy.$Proxy29.isDisplayed(Unknown Source)
	at org.openqa.selenium.support.ui.ExpectedConditions.elementIfVisible(ExpectedConditions.java:302)
	at org.openqa.selenium.support.ui.ExpectedConditions.access$1(ExpectedConditions.java:301)
	at org.openqa.selenium.support.ui.ExpectedConditions$10.apply(ExpectedConditions.java:288)
	at org.openqa.selenium.support.ui.ExpectedConditions$10.apply(ExpectedConditions.java:1)
	at org.openqa.selenium.support.ui.FluentWait.until(FluentWait.java:238)
	... 16 more
... Removed 13 stack frames]]>
    </failure>
  </testcase> <!-- nonltoarticles -->
  <testcase name="verifyltoaudit" time="37.381" classname="au.wow.ngbomain.tests.ltoreporttest"/>
  <testcase name="verifyltologs" time="43.729" classname="au.wow.ngbomain.tests.ltoreporttest"/>
  <testcase name="verifyreport" time="42.127" classname="au.wow.ngbomain.tests.ltoreporttest"/>
</testsuite> <!-- POC_tests3 -->
