<?xml version="1.0" encoding="UTF-8"?>
<!-- Generated by org.testng.reporters.JUnitReportReporter -->
<testsuite hostname="NCDWIN7PXD17050" name="au.wow.ngbomain.tests.RoutinesTest" tests="8" failures="0" timestamp="11 Nov 2017 06:22:05 GMT" time="369.047" errors="3">
  <testcase name="verifyreportweekly" time="52.135" classname="au.wow.ngbomain.tests.RoutinesTest"/>
  <testcase name="verifyreportdaily" time="50.448" classname="au.wow.ngbomain.tests.RoutinesTest"/>
  <testcase name="primarydepartmentdaily" time="42.103" classname="au.wow.ngbomain.tests.RoutinesTest">
    <error type="org.openqa.selenium.WebDriverException" message="Build info: version: &#039;2.53.0&#039;, revision: &#039;35ae25b&#039;, time: &#039;2016-03-15 16:57:40&#039;
System info: host: &#039;NCDWIN7PXD17050&#039;, ip: &#039;10.136.232.201&#039;, os.name: &#039;Windows 7&#039;, os.arch: &#039;amd64&#039;, os.version: &#039;6.1&#039;, java.version: &#039;1.8.0_131&#039;
Driver info: driver.version: unknown">
      <![CDATA[org.openqa.selenium.WebDriverException: Build info: version: '2.53.0', revision: '35ae25b', time: '2016-03-15 16:57:40'
System info: host: 'NCDWIN7PXD17050', ip: '10.136.232.201', os.name: 'Windows 7', os.arch: 'amd64', os.version: '6.1', java.version: '1.8.0_131'
Driver info: driver.version: unknown
	at au.wow.ngbo.utils.CustomException.exceptionHandler(CustomException.java:65)
	at au.wow.ngbo.utils.CustomException.<init>(CustomException.java:23)
	at au.wow.ngbo.utils.BasePage.click(BasePage.java:478)
	at au.wow.ngbomain.pages.RoutinesPage.fordateprimary2(RoutinesPage.java:363)
	at au.wow.ngbomain.tests.RoutinesTest.primarydepartmentdaily(RoutinesTest.java:177)
	at sun.reflect.NativeMethodAccessorImpl.invoke0(Native Method)
	at sun.reflect.NativeMethodAccessorImpl.invoke(Unknown Source)
	at sun.reflect.DelegatingMethodAccessorImpl.invoke(Unknown Source)
	at java.lang.reflect.Method.invoke(Unknown Source)
	at org.testng.internal.MethodInvocationHelper.invokeMethod(MethodInvocationHelper.java:85)
	at org.testng.internal.Invoker.invokeMethod(Invoker.java:639)
	at org.testng.internal.Invoker.retryFailed(Invoker.java:963)
	at org.testng.internal.Invoker.invokeTestMethods(Invoker.java:1142)
	at org.testng.internal.TestMethodWorker.invokeTestMethods(TestMethodWorker.java:125)
	at org.testng.internal.TestMethodWorker.run(TestMethodWorker.java:108)
	at java.util.concurrent.ThreadPoolExecutor.runWorker(Unknown Source)
	at java.util.concurrent.ThreadPoolExecutor$Worker.run(Unknown Source)
	at java.lang.Thread.run(Unknown Source)
]]>
    </error>
  </testcase> <!-- primarydepartmentdaily -->
  <testcase name="partialdepartmentdaily" time="46.245" classname="au.wow.ngbomain.tests.RoutinesTest"/>
  <testcase name="primarydepartmentweekly" time="47.443" classname="au.wow.ngbomain.tests.RoutinesTest"/>
  <testcase name="partialdepartmentweekly" time="47.258" classname="au.wow.ngbomain.tests.RoutinesTest"/>
  <testcase name="primarydepartmentdaily" time="41.730" classname="au.wow.ngbomain.tests.RoutinesTest">
    <error type="org.openqa.selenium.WebDriverException" message="Build info: version: &#039;2.53.0&#039;, revision: &#039;35ae25b&#039;, time: &#039;2016-03-15 16:57:40&#039;
System info: host: &#039;NCDWIN7PXD17050&#039;, ip: &#039;10.136.232.201&#039;, os.name: &#039;Windows 7&#039;, os.arch: &#039;amd64&#039;, os.version: &#039;6.1&#039;, java.version: &#039;1.8.0_131&#039;
Driver info: driver.version: unknown">
      <![CDATA[org.openqa.selenium.WebDriverException: Build info: version: '2.53.0', revision: '35ae25b', time: '2016-03-15 16:57:40'
System info: host: 'NCDWIN7PXD17050', ip: '10.136.232.201', os.name: 'Windows 7', os.arch: 'amd64', os.version: '6.1', java.version: '1.8.0_131'
Driver info: driver.version: unknown
	at au.wow.ngbo.utils.CustomException.exceptionHandler(CustomException.java:65)
	at au.wow.ngbo.utils.CustomException.<init>(CustomException.java:23)
	at au.wow.ngbo.utils.BasePage.click(BasePage.java:478)
	at au.wow.ngbomain.pages.RoutinesPage.fordateprimary2(RoutinesPage.java:363)
	at au.wow.ngbomain.tests.RoutinesTest.primarydepartmentdaily(RoutinesTest.java:177)
	at sun.reflect.NativeMethodAccessorImpl.invoke0(Native Method)
	at sun.reflect.NativeMethodAccessorImpl.invoke(Unknown Source)
	at sun.reflect.DelegatingMethodAccessorImpl.invoke(Unknown Source)
	at java.lang.reflect.Method.invoke(Unknown Source)
	at org.testng.internal.MethodInvocationHelper.invokeMethod(MethodInvocationHelper.java:85)
	at org.testng.internal.Invoker.invokeMethod(Invoker.java:639)
	at org.testng.internal.Invoker.invokeTestMethod(Invoker.java:816)
	at org.testng.internal.Invoker.invokeTestMethods(Invoker.java:1124)
	at org.testng.internal.TestMethodWorker.invokeTestMethods(TestMethodWorker.java:125)
	at org.testng.internal.TestMethodWorker.run(TestMethodWorker.java:108)
	at java.util.concurrent.ThreadPoolExecutor.runWorker(Unknown Source)
	at java.util.concurrent.ThreadPoolExecutor$Worker.run(Unknown Source)
	at java.lang.Thread.run(Unknown Source)
]]>
    </error>
  </testcase> <!-- primarydepartmentdaily -->
  <testcase name="primarydepartmentdaily" time="41.685" classname="au.wow.ngbomain.tests.RoutinesTest">
    <error type="org.openqa.selenium.WebDriverException" message="Build info: version: &#039;2.53.0&#039;, revision: &#039;35ae25b&#039;, time: &#039;2016-03-15 16:57:40&#039;
System info: host: &#039;NCDWIN7PXD17050&#039;, ip: &#039;10.136.232.201&#039;, os.name: &#039;Windows 7&#039;, os.arch: &#039;amd64&#039;, os.version: &#039;6.1&#039;, java.version: &#039;1.8.0_131&#039;
Driver info: driver.version: unknown">
      <![CDATA[org.openqa.selenium.WebDriverException: Build info: version: '2.53.0', revision: '35ae25b', time: '2016-03-15 16:57:40'
System info: host: 'NCDWIN7PXD17050', ip: '10.136.232.201', os.name: 'Windows 7', os.arch: 'amd64', os.version: '6.1', java.version: '1.8.0_131'
Driver info: driver.version: unknown
	at au.wow.ngbo.utils.CustomException.exceptionHandler(CustomException.java:65)
	at au.wow.ngbo.utils.CustomException.<init>(CustomException.java:23)
	at au.wow.ngbo.utils.BasePage.click(BasePage.java:478)
	at au.wow.ngbomain.pages.RoutinesPage.fordateprimary2(RoutinesPage.java:363)
	at au.wow.ngbomain.tests.RoutinesTest.primarydepartmentdaily(RoutinesTest.java:177)
	at sun.reflect.NativeMethodAccessorImpl.invoke0(Native Method)
	at sun.reflect.NativeMethodAccessorImpl.invoke(Unknown Source)
	at sun.reflect.DelegatingMethodAccessorImpl.invoke(Unknown Source)
	at java.lang.reflect.Method.invoke(Unknown Source)
	at org.testng.internal.MethodInvocationHelper.invokeMethod(MethodInvocationHelper.java:85)
	at org.testng.internal.Invoker.invokeMethod(Invoker.java:639)
	at org.testng.internal.Invoker.retryFailed(Invoker.java:963)
	at org.testng.internal.Invoker.invokeTestMethods(Invoker.java:1142)
	at org.testng.internal.TestMethodWorker.invokeTestMethods(TestMethodWorker.java:125)
	at org.testng.internal.TestMethodWorker.run(TestMethodWorker.java:108)
	at java.util.concurrent.ThreadPoolExecutor.runWorker(Unknown Source)
	at java.util.concurrent.ThreadPoolExecutor$Worker.run(Unknown Source)
	at java.lang.Thread.run(Unknown Source)
]]>
    </error>
  </testcase> <!-- primarydepartmentdaily -->
</testsuite> <!-- au.wow.ngbomain.tests.RoutinesTest -->
