<?xml version="1.0" encoding="UTF-8"?>
<!-- Generated by org.testng.reporters.JUnitXMLReporter -->
<testsuite hostname="NCDWIN7PXD17050" name="POC_tests1" tests="70" failures="9" timestamp="13 Nov 2017 15:12:15 GMT" time="2132.564" errors="0">
  <testcase name="verifyInventoryReportAdditonalCriteriaSOH" time="25.344" classname="au.wow.ngbomain.tests.InventoryReportTests">
    <skipped/>
  </testcase> <!-- verifyInventoryReportAdditonalCriteriaSOH -->
  <testcase name="checkBWSarticle" time="34.333" classname="au.wow.ngbomain.tests.StockAdjustmentTests"/>
  <testcase name="verifyDSCReportAllDepartments" time="44.797" classname="au.wow.ngbomain.tests.DSCandPLUReportTests"/>
  <testcase name="verifyInventoryReportAdditonalCriteriaSOH" time="24.448" classname="au.wow.ngbomain.tests.InventoryReportTests">
    <skipped/>
  </testcase> <!-- verifyInventoryReportAdditonalCriteriaSOH -->
  <testcase name="verifyDSCReportLitreArticle" time="19.682" classname="au.wow.ngbomain.tests.DSCandPLUReportTests">
    <skipped/>
  </testcase> <!-- verifyDSCReportLitreArticle -->
  <testcase name="verifyInventoryReportAdditonalCriteriaSOH" time="23.236" classname="au.wow.ngbomain.tests.InventoryReportTests">
    <failure type="org.openqa.selenium.NoSuchElementException" message="The element:  xpath: //*[@id=&amp;apos;addParameter&amp;apos;]/div/div/span[2]/select could not be found
For documentation on this error, please visit: http://seleniumhq.org/exceptions/no_such_element.html
Build info: version: &amp;apos;2.53.0&amp;apos;, revision: &amp;apos;35ae25b&amp;apos;, time: &amp;apos;2016-03-15 16:57:40&amp;apos;
System info: host: &amp;apos;NCDWIN7PXD17050&amp;apos;, ip: &amp;apos;10.136.232.201&amp;apos;, os.name: &amp;apos;Windows 7&amp;apos;, os.arch: &amp;apos;amd64&amp;apos;, os.version: &amp;apos;6.1&amp;apos;, java.version: &amp;apos;1.8.0_131&amp;apos;
Driver info: driver.version: unknown">
      <![CDATA[org.openqa.selenium.NoSuchElementException: The element:  xpath: //*[@id='addParameter']/div/div/span[2]/select could not be found
For documentation on this error, please visit: http://seleniumhq.org/exceptions/no_such_element.html
Build info: version: '2.53.0', revision: '35ae25b', time: '2016-03-15 16:57:40'
System info: host: 'NCDWIN7PXD17050', ip: '10.136.232.201', os.name: 'Windows 7', os.arch: 'amd64', os.version: '6.1', java.version: '1.8.0_131'
Driver info: driver.version: unknown
	at au.wow.ngbo.utils.CustomException.exceptionHandler(CustomException.java:38)
	at au.wow.ngbo.utils.CustomException.<init>(CustomException.java:23)
	at au.wow.ngbo.utils.BasePage.selectByVisibleText(BasePage.java:547)
	at au.wow.ngbomain.pages.InventoryReportPage.fnChooseAdditionalCriteriaSOH(InventoryReportPage.java:527)
	at au.wow.ngbomain.tests.InventoryReportTests.verifyInventoryReportAdditonalCriteriaSOH(InventoryReportTests.java:252)
	at java.util.concurrent.ThreadPoolExecutor.runWorker(Unknown Source)
	at java.util.concurrent.ThreadPoolExecutor$Worker.run(Unknown Source)
	at java.lang.Thread.run(Unknown Source)
... Removed 10 stack frames]]>
    </failure>
  </testcase> <!-- verifyInventoryReportAdditonalCriteriaSOH -->
  <testcase name="checkIDTandRIDT" time="72.07" classname="au.wow.ngbomain.tests.StockAdjustmentTests"/>
  <testcase name="orderAdvanceSearch" time="129.529" classname="au.wow.ngbomain.tests.OrderEnquiryTests"/>
  <testcase name="verifyDSCReportLitreArticle" time="16.976" classname="au.wow.ngbomain.tests.DSCandPLUReportTests"/>
  <testcase name="verifyInventoryReportMPL" time="23.954" classname="au.wow.ngbomain.tests.InventoryReportTests"/>
  <testcase name="verifyDSCReportMeatDepartment" time="19.935" classname="au.wow.ngbomain.tests.DSCandPLUReportTests"/>
  <testcase name="checkIDTandRIDT_weighted" time="62.767" classname="au.wow.ngbomain.tests.StockAdjustmentTests"/>
  <testcase name="verifyDSCReportPDBArticle" time="17.002" classname="au.wow.ngbomain.tests.DSCandPLUReportTests"/>
  <testcase name="verifyInventoryReportMultiDepartment" time="27.077" classname="au.wow.ngbomain.tests.InventoryReportTests"/>
  <testcase name="orderCreation" time="97.113" classname="au.wow.ngbomain.tests.OrderEnquiryTests">
    <skipped/>
  </testcase> <!-- orderCreation -->
  <testcase name="verifyDSCReportPartialDepartment" time="16.643" classname="au.wow.ngbomain.tests.DSCandPLUReportTests"/>
  <testcase name="verifyInventoryReportSOH" time="19.958" classname="au.wow.ngbomain.tests.InventoryReportTests">
    <skipped/>
  </testcase> <!-- verifyInventoryReportSOH -->
  <testcase name="checkNoNodeIDforIDTandRIDT" time="37.738" classname="au.wow.ngbomain.tests.StockAdjustmentTests"/>
  <testcase name="verifyPLUReportAllDepartment" time="29.341" classname="au.wow.ngbomain.tests.DSCandPLUReportTests"/>
  <testcase name="verifyInventoryReportSOH" time="23.651" classname="au.wow.ngbomain.tests.InventoryReportTests"/>
  <testcase name="orderCreation" time="41.148" classname="au.wow.ngbomain.tests.OrderEnquiryTests">
    <skipped/>
  </testcase> <!-- orderCreation -->
  <testcase name="checkWHdelivery" time="84.359" classname="au.wow.ngbomain.tests.StockAdjustmentTests">
    <skipped/>
  </testcase> <!-- checkWHdelivery -->
  <testcase name="verifyPLUReportDeletedPLU" time="39.744" classname="au.wow.ngbomain.tests.DSCandPLUReportTests">
    <skipped/>
  </testcase> <!-- verifyPLUReportDeletedPLU -->
  <testcase name="orderCreation" time="40.555" classname="au.wow.ngbomain.tests.OrderEnquiryTests">
    <failure type="org.openqa.selenium.InvalidElementStateException" message="invalid element state: Element is not currently interactable and may not be manipulated
  (Session info: chrome=59.0.3071.86)
  (Driver info: chromedriver=2.30.477700 (0057494ad8732195794a7b32078424f92a5fce41),platform=Windows NT 6.1.7601 SP1 x86_64) (WARNING: The server did not provide any stacktrace information)
Command duration or timeout: 55 milliseconds
Build info: version: &amp;apos;2.53.0&amp;apos;, revision: &amp;apos;35ae25b&amp;apos;, time: &amp;apos;2016-03-15 16:57:40&amp;apos;
System info: host: &amp;apos;NCDWIN7PXD17050&amp;apos;, ip: &amp;apos;10.136.232.201&amp;apos;, os.name: &amp;apos;Windows 7&amp;apos;, os.arch: &amp;apos;amd64&amp;apos;, os.version: &amp;apos;6.1&amp;apos;, java.version: &amp;apos;1.8.0_131&amp;apos;
Driver info: org.openqa.selenium.chrome.ChromeDriver
Capabilities [{applicationCacheEnabled=false, rotatable=false, mobileEmulationEnabled=false, networkConnectionEnabled=false, chrome={chromedriverVersion=2.30.477700 (0057494ad8732195794a7b32078424f92a5fce41), userDataDir=C:\Users\xmmni\AppData\Local\Temp\scoped_dir10336_5687}, takesHeapSnapshot=true, pageLoadStrategy=normal, databaseEnabled=false, handlesAlerts=true, hasTouchScreen=false, version=59.0.3071.86, platform=XP, browserConnectionEnabled=false, nativeEvents=true, acceptSslCerts=true, locationContextEnabled=true, webStorageEnabled=true, browserName=chrome, takesScreenshot=true, javascriptEnabled=true, cssSelectorsEnabled=true, unexpectedAlertBehaviour=}]
Session ID: ae4f02f0dc9a6cbd0b17f2a3f1b9c569">
      <![CDATA[org.openqa.selenium.InvalidElementStateException: invalid element state: Element is not currently interactable and may not be manipulated
  (Session info: chrome=59.0.3071.86)
  (Driver info: chromedriver=2.30.477700 (0057494ad8732195794a7b32078424f92a5fce41),platform=Windows NT 6.1.7601 SP1 x86_64) (WARNING: The server did not provide any stacktrace information)
Command duration or timeout: 55 milliseconds
Build info: version: '2.53.0', revision: '35ae25b', time: '2016-03-15 16:57:40'
System info: host: 'NCDWIN7PXD17050', ip: '10.136.232.201', os.name: 'Windows 7', os.arch: 'amd64', os.version: '6.1', java.version: '1.8.0_131'
Driver info: org.openqa.selenium.chrome.ChromeDriver
Capabilities [{applicationCacheEnabled=false, rotatable=false, mobileEmulationEnabled=false, networkConnectionEnabled=false, chrome={chromedriverVersion=2.30.477700 (0057494ad8732195794a7b32078424f92a5fce41), userDataDir=C:\Users\xmmni\AppData\Local\Temp\scoped_dir10336_5687}, takesHeapSnapshot=true, pageLoadStrategy=normal, databaseEnabled=false, handlesAlerts=true, hasTouchScreen=false, version=59.0.3071.86, platform=XP, browserConnectionEnabled=false, nativeEvents=true, acceptSslCerts=true, locationContextEnabled=true, webStorageEnabled=true, browserName=chrome, takesScreenshot=true, javascriptEnabled=true, cssSelectorsEnabled=true, unexpectedAlertBehaviour=}]
Session ID: ae4f02f0dc9a6cbd0b17f2a3f1b9c569
	at org.openqa.selenium.remote.ErrorHandler.createThrowable(ErrorHandler.java:206)
	at org.openqa.selenium.remote.ErrorHandler.throwIfResponseFailed(ErrorHandler.java:158)
	at org.openqa.selenium.remote.RemoteWebDriver.execute(RemoteWebDriver.java:678)
	at org.openqa.selenium.remote.RemoteWebElement.execute(RemoteWebElement.java:327)
	at org.openqa.selenium.remote.RemoteWebElement.clear(RemoteWebElement.java:140)
	at au.wow.ngbomain.pages.OrderEnquiryPage.orderCreation(OrderEnquiryPage.java:910)
	at au.wow.ngbomain.tests.OrderEnquiryTests.orderCreation(OrderEnquiryTests.java:222)
	at java.util.concurrent.ThreadPoolExecutor.runWorker(Unknown Source)
	at java.util.concurrent.ThreadPoolExecutor$Worker.run(Unknown Source)
	at java.lang.Thread.run(Unknown Source)
... Removed 14 stack frames]]>
    </failure>
  </testcase> <!-- orderCreation -->
  <testcase name="verifyInventoryReportSOH_MPL_AllDepartment" time="54.075" classname="au.wow.ngbomain.tests.InventoryReportTests"/>
  <testcase name="verifyPLUReportDeletedPLU" time="27.421" classname="au.wow.ngbomain.tests.DSCandPLUReportTests">
    <skipped/>
  </testcase> <!-- verifyPLUReportDeletedPLU -->
  <testcase name="orderEnquiry" time="32.333" classname="au.wow.ngbomain.tests.OrderEnquiryTests"/>
  <testcase name="verifyInventoryReportSOH_MPL_PartialDepartment" time="46.795" classname="au.wow.ngbomain.tests.InventoryReportTests"/>
  <testcase name="verifyPLUReportDeletedPLU" time="29.166" classname="au.wow.ngbomain.tests.DSCandPLUReportTests">
    <failure type="java.lang.IndexOutOfBoundsException" message="Index: 0, Size: 0">
      <![CDATA[java.lang.IndexOutOfBoundsException: Index: 0, Size: 0
	at java.util.ArrayList.rangeCheck(Unknown Source)
	at java.util.ArrayList.get(Unknown Source)
	at au.wow.ngbomain.tests.DSCandPLUReportTests.verifyPLUReportDeletedPLU(DSCandPLUReportTests.java:537)
	at java.util.concurrent.ThreadPoolExecutor.runWorker(Unknown Source)
	at java.util.concurrent.ThreadPoolExecutor$Worker.run(Unknown Source)
	at java.lang.Thread.run(Unknown Source)
... Removed 10 stack frames]]>
    </failure>
  </testcase> <!-- verifyPLUReportDeletedPLU -->
  <testcase name="checkWHdelivery" time="101.897" classname="au.wow.ngbomain.tests.StockAdjustmentTests">
    <skipped/>
  </testcase> <!-- checkWHdelivery -->
  <testcase name="verifyInventoryReportSOHandMPL" time="22.292" classname="au.wow.ngbomain.tests.InventoryReportTests"/>
  <testcase name="checkWHdelivery" time="38.001" classname="au.wow.ngbomain.tests.StockAdjustmentTests">
    <failure type="org.openqa.selenium.InvalidElementStateException" message="invalid element state: Element is not currently interactable and may not be manipulated
  (Session info: chrome=59.0.3071.86)
  (Driver info: chromedriver=2.30.477700 (0057494ad8732195794a7b32078424f92a5fce41),platform=Windows NT 6.1.7601 SP1 x86_64) (WARNING: The server did not provide any stacktrace information)
Command duration or timeout: 11 milliseconds
Build info: version: &amp;apos;2.53.0&amp;apos;, revision: &amp;apos;35ae25b&amp;apos;, time: &amp;apos;2016-03-15 16:57:40&amp;apos;
System info: host: &amp;apos;NCDWIN7PXD17050&amp;apos;, ip: &amp;apos;10.136.232.201&amp;apos;, os.name: &amp;apos;Windows 7&amp;apos;, os.arch: &amp;apos;amd64&amp;apos;, os.version: &amp;apos;6.1&amp;apos;, java.version: &amp;apos;1.8.0_131&amp;apos;
Driver info: org.openqa.selenium.chrome.ChromeDriver
Capabilities [{applicationCacheEnabled=false, rotatable=false, mobileEmulationEnabled=false, networkConnectionEnabled=false, chrome={chromedriverVersion=2.30.477700 (0057494ad8732195794a7b32078424f92a5fce41), userDataDir=C:\Users\xmmni\AppData\Local\Temp\scoped_dir25440_29156}, takesHeapSnapshot=true, pageLoadStrategy=normal, databaseEnabled=false, handlesAlerts=true, hasTouchScreen=false, version=59.0.3071.86, platform=XP, browserConnectionEnabled=false, nativeEvents=true, acceptSslCerts=true, locationContextEnabled=true, webStorageEnabled=true, browserName=chrome, takesScreenshot=true, javascriptEnabled=true, cssSelectorsEnabled=true, unexpectedAlertBehaviour=}]
Session ID: 46722a91b0f817ea8dee785c0781187e">
      <![CDATA[org.openqa.selenium.InvalidElementStateException: invalid element state: Element is not currently interactable and may not be manipulated
  (Session info: chrome=59.0.3071.86)
  (Driver info: chromedriver=2.30.477700 (0057494ad8732195794a7b32078424f92a5fce41),platform=Windows NT 6.1.7601 SP1 x86_64) (WARNING: The server did not provide any stacktrace information)
Command duration or timeout: 11 milliseconds
Build info: version: '2.53.0', revision: '35ae25b', time: '2016-03-15 16:57:40'
System info: host: 'NCDWIN7PXD17050', ip: '10.136.232.201', os.name: 'Windows 7', os.arch: 'amd64', os.version: '6.1', java.version: '1.8.0_131'
Driver info: org.openqa.selenium.chrome.ChromeDriver
Capabilities [{applicationCacheEnabled=false, rotatable=false, mobileEmulationEnabled=false, networkConnectionEnabled=false, chrome={chromedriverVersion=2.30.477700 (0057494ad8732195794a7b32078424f92a5fce41), userDataDir=C:\Users\xmmni\AppData\Local\Temp\scoped_dir25440_29156}, takesHeapSnapshot=true, pageLoadStrategy=normal, databaseEnabled=false, handlesAlerts=true, hasTouchScreen=false, version=59.0.3071.86, platform=XP, browserConnectionEnabled=false, nativeEvents=true, acceptSslCerts=true, locationContextEnabled=true, webStorageEnabled=true, browserName=chrome, takesScreenshot=true, javascriptEnabled=true, cssSelectorsEnabled=true, unexpectedAlertBehaviour=}]
Session ID: 46722a91b0f817ea8dee785c0781187e
	at org.openqa.selenium.remote.ErrorHandler.createThrowable(ErrorHandler.java:206)
	at org.openqa.selenium.remote.ErrorHandler.throwIfResponseFailed(ErrorHandler.java:158)
	at org.openqa.selenium.remote.RemoteWebDriver.execute(RemoteWebDriver.java:678)
	at org.openqa.selenium.remote.RemoteWebElement.execute(RemoteWebElement.java:327)
	at org.openqa.selenium.remote.RemoteWebElement.clear(RemoteWebElement.java:140)
	at org.openqa.selenium.support.pagefactory.internal.LocatingElementHandler.invoke(LocatingElementHandler.java:51)
	at com.sun.proxy.$Proxy29.clear(Unknown Source)
	at au.wow.ngbomain.pages.StockAdjPage.adjustSOH_whDelivery(StockAdjPage.java:912)
	at au.wow.ngbomain.tests.StockAdjustmentTests.checkWHdelivery(StockAdjustmentTests.java:592)
	at java.util.concurrent.ThreadPoolExecutor.runWorker(Unknown Source)
	at java.util.concurrent.ThreadPoolExecutor$Worker.run(Unknown Source)
	at java.lang.Thread.run(Unknown Source)
... Removed 17 stack frames]]>
    </failure>
  </testcase> <!-- checkWHdelivery -->
  <testcase name="verifyPLUReportForArticleNumber" time="52.511" classname="au.wow.ngbomain.tests.DSCandPLUReportTests"/>
  <testcase name="orderOnReceipt" time="120.817" classname="au.wow.ngbomain.tests.OrderEnquiryTests"/>
  <testcase name="verifyPLUReportForArticlePLU" time="39.649" classname="au.wow.ngbomain.tests.DSCandPLUReportTests"/>
  <testcase name="deletionOfOrders" time="34.187" classname="au.wow.ngbomain.tests.OrderEnquiryTests"/>
  <testcase name="verifyStockAdjArt" time="60.16" classname="au.wow.ngbomain.tests.StockAdjustmentTests"/>
  <testcase name="verifyPLUReportMultiDepartment" time="26.949" classname="au.wow.ngbomain.tests.DSCandPLUReportTests">
    <skipped/>
  </testcase> <!-- verifyPLUReportMultiDepartment -->
  <testcase name="verifyStockAdjDesc" time="70.569" classname="au.wow.ngbomain.tests.StockAdjustmentTests"/>
  <testcase name="verifyPLUReportMultiDepartment" time="27.25" classname="au.wow.ngbomain.tests.DSCandPLUReportTests"/>
  <testcase name="verifyPLUReportPartialDepartment" time="18.76" classname="au.wow.ngbomain.tests.DSCandPLUReportTests"/>
  <testcase name="verifyStockAdjDisplayArticles" time="40.118" classname="au.wow.ngbomain.tests.StockAdjustmentTests">
    <skipped/>
  </testcase> <!-- verifyStockAdjDisplayArticles -->
  <testcase name="verifyPLUReportPrimaryDepartment" time="19.261" classname="au.wow.ngbomain.tests.DSCandPLUReportTests"/>
  <testcase name="verifyStockAdjDisplayArticles" time="31.316" classname="au.wow.ngbomain.tests.StockAdjustmentTests">
    <skipped/>
  </testcase> <!-- verifyStockAdjDisplayArticles -->
  <testcase name="verifyStockAdjDisplayArticles" time="18.185" classname="au.wow.ngbomain.tests.StockAdjustmentTests">
    <failure type="java.lang.IndexOutOfBoundsException" message="Index: 0, Size: 0">
      <![CDATA[java.lang.IndexOutOfBoundsException: Index: 0, Size: 0
	at java.util.ArrayList.rangeCheck(Unknown Source)
	at java.util.ArrayList.get(Unknown Source)
	at au.wow.ngbomain.tests.StockAdjustmentTests.verifyStockAdjDisplayArticles(StockAdjustmentTests.java:2508)
	at java.util.concurrent.ThreadPoolExecutor.runWorker(Unknown Source)
	at java.util.concurrent.ThreadPoolExecutor$Worker.run(Unknown Source)
	at java.lang.Thread.run(Unknown Source)
... Removed 10 stack frames]]>
    </failure>
  </testcase> <!-- verifyStockAdjDisplayArticles -->
  <testcase name="verifyStockAdjDisplayArticlesDescription" time="50.691" classname="au.wow.ngbomain.tests.StockAdjustmentTests"/>
  <testcase name="verifyStockAdjDisplayArticlesEAN" time="30.518" classname="au.wow.ngbomain.tests.StockAdjustmentTests">
    <skipped/>
  </testcase> <!-- verifyStockAdjDisplayArticlesEAN -->
  <testcase name="verifyStockAdjDisplayArticlesEAN" time="32.204" classname="au.wow.ngbomain.tests.StockAdjustmentTests"/>
  <testcase name="verifyStockAdjEAN" time="69.029" classname="au.wow.ngbomain.tests.StockAdjustmentTests"/>
  <testcase name="verifyStockAdjLinkedArticles" time="57.734" classname="au.wow.ngbomain.tests.StockAdjustmentTests"/>
  <testcase name="verifyStockAdjLinkedArticlesDescription" time="57.634" classname="au.wow.ngbomain.tests.StockAdjustmentTests"/>
  <testcase name="verifyStockAdjLinkedArticlesEAN" time="44.305" classname="au.wow.ngbomain.tests.StockAdjustmentTests"/>
  <testcase name="verifyStockAdjLinkedArticlesPLU" time="61.177" classname="au.wow.ngbomain.tests.StockAdjustmentTests"/>
  <testcase name="verifyStockAdjPLU" time="15.247" classname="au.wow.ngbomain.tests.StockAdjustmentTests"/>
  <testcase name="verifyStockAdjRandomWeighedArticles" time="44.934" classname="au.wow.ngbomain.tests.StockAdjustmentTests"/>
  <testcase name="verifyStockAdjWeighedArticles" time="28.715" classname="au.wow.ngbomain.tests.StockAdjustmentTests">
    <skipped/>
  </testcase> <!-- verifyStockAdjWeighedArticles -->
  <testcase name="verifyStockAdjWeighedArticles" time="51.53" classname="au.wow.ngbomain.tests.StockAdjustmentTests"/>
  <testcase name="verifylookupDisplayArticles" time="11.687" classname="au.wow.ngbomain.tests.StockAdjustmentTests">
    <skipped/>
  </testcase> <!-- verifylookupDisplayArticles -->
  <testcase name="verifylookupDisplayArticles" time="11.648" classname="au.wow.ngbomain.tests.StockAdjustmentTests">
    <skipped/>
  </testcase> <!-- verifylookupDisplayArticles -->
  <testcase name="verifylookupDisplayArticles" time="11.089" classname="au.wow.ngbomain.tests.StockAdjustmentTests">
    <failure type="java.lang.NullPointerException">
      <![CDATA[java.lang.NullPointerException
	at au.wow.ngbomain.pages.ArticleLookUpPage.clickOnArticleReportReport(ArticleLookUpPage.java:40)
	at au.wow.ngbomain.tests.StockAdjustmentTests.navToAricleLookUp(StockAdjustmentTests.java:3169)
	at au.wow.ngbomain.tests.StockAdjustmentTests.verifylookupDisplayArticles(StockAdjustmentTests.java:2794)
	at java.util.concurrent.ThreadPoolExecutor.runWorker(Unknown Source)
	at java.util.concurrent.ThreadPoolExecutor$Worker.run(Unknown Source)
	at java.lang.Thread.run(Unknown Source)
... Removed 10 stack frames]]>
    </failure>
  </testcase> <!-- verifylookupDisplayArticles -->
  <testcase name="verifylookupLinkedArticles" time="11.103" classname="au.wow.ngbomain.tests.StockAdjustmentTests">
    <skipped/>
  </testcase> <!-- verifylookupLinkedArticles -->
  <testcase name="verifylookupLinkedArticles" time="11.024" classname="au.wow.ngbomain.tests.StockAdjustmentTests">
    <skipped/>
  </testcase> <!-- verifylookupLinkedArticles -->
  <testcase name="verifylookupLinkedArticles" time="11.181" classname="au.wow.ngbomain.tests.StockAdjustmentTests">
    <failure type="java.lang.NullPointerException">
      <![CDATA[java.lang.NullPointerException
	at au.wow.ngbomain.pages.ArticleLookUpPage.clickOnArticleReportReport(ArticleLookUpPage.java:40)
	at au.wow.ngbomain.tests.StockAdjustmentTests.navToAricleLookUp(StockAdjustmentTests.java:3169)
	at au.wow.ngbomain.tests.StockAdjustmentTests.verifylookupLinkedArticles(StockAdjustmentTests.java:2392)
	at java.util.concurrent.ThreadPoolExecutor.runWorker(Unknown Source)
	at java.util.concurrent.ThreadPoolExecutor$Worker.run(Unknown Source)
	at java.lang.Thread.run(Unknown Source)
... Removed 10 stack frames]]>
    </failure>
  </testcase> <!-- verifylookupLinkedArticles -->
  <testcase name="verifylookupRandomWeightArticles" time="11.205" classname="au.wow.ngbomain.tests.StockAdjustmentTests">
    <skipped/>
  </testcase> <!-- verifylookupRandomWeightArticles -->
  <testcase name="verifylookupRandomWeightArticles" time="11.157" classname="au.wow.ngbomain.tests.StockAdjustmentTests">
    <skipped/>
  </testcase> <!-- verifylookupRandomWeightArticles -->
  <testcase name="verifylookupRandomWeightArticles" time="11.123" classname="au.wow.ngbomain.tests.StockAdjustmentTests">
    <failure type="java.lang.NullPointerException">
      <![CDATA[java.lang.NullPointerException
	at au.wow.ngbomain.pages.ArticleLookUpPage.clickOnArticleReportReport(ArticleLookUpPage.java:40)
	at au.wow.ngbomain.tests.StockAdjustmentTests.navToAricleLookUp(StockAdjustmentTests.java:3169)
	at au.wow.ngbomain.tests.StockAdjustmentTests.verifylookupRandomWeightArticles(StockAdjustmentTests.java:3076)
	at java.util.concurrent.ThreadPoolExecutor.runWorker(Unknown Source)
	at java.util.concurrent.ThreadPoolExecutor$Worker.run(Unknown Source)
	at java.lang.Thread.run(Unknown Source)
... Removed 10 stack frames]]>
    </failure>
  </testcase> <!-- verifylookupRandomWeightArticles -->
  <testcase name="verifylookupWeightArticles" time="11.841" classname="au.wow.ngbomain.tests.StockAdjustmentTests">
    <skipped/>
  </testcase> <!-- verifylookupWeightArticles -->
  <testcase name="verifylookupWeightArticles" time="11.355" classname="au.wow.ngbomain.tests.StockAdjustmentTests">
    <skipped/>
  </testcase> <!-- verifylookupWeightArticles -->
  <testcase name="verifylookupWeightArticles" time="11.327" classname="au.wow.ngbomain.tests.StockAdjustmentTests">
    <failure type="java.lang.NullPointerException">
      <![CDATA[java.lang.NullPointerException
	at au.wow.ngbomain.pages.ArticleLookUpPage.clickOnArticleReportReport(ArticleLookUpPage.java:40)
	at au.wow.ngbomain.tests.StockAdjustmentTests.navToAricleLookUp(StockAdjustmentTests.java:3169)
	at au.wow.ngbomain.tests.StockAdjustmentTests.verifylookupWeightArticles(StockAdjustmentTests.java:2933)
	at java.util.concurrent.ThreadPoolExecutor.runWorker(Unknown Source)
	at java.util.concurrent.ThreadPoolExecutor$Worker.run(Unknown Source)
	at java.lang.Thread.run(Unknown Source)
... Removed 10 stack frames]]>
    </failure>
  </testcase> <!-- verifylookupWeightArticles -->
  <testcase name="wareHouseemptyORDERlist" time="35.734" classname="au.wow.ngbomain.tests.StockAdjustmentTests"/>
</testsuite> <!-- POC_tests1 -->
