<?xml version="1.0" encoding="UTF-8"?>
<!-- Generated by org.testng.reporters.JUnitReportReporter -->
<testsuite hostname="NCDWIN7PXD17050" name="au.wow.ngbomain.tests.StockTakeTests" tests="18" failures="0" timestamp="10 Nov 2017 14:28:21 GMT" time="892.800" errors="5">
  <testcase name="BasecountReportValidation" time="43.221" classname="au.wow.ngbomain.tests.StockTakeTests"/>
  <testcase name="BasecountFilters" time="48.023" classname="au.wow.ngbomain.tests.StockTakeTests"/>
  <testcase name="CreateDepartmentOnlineStocktake" time="41.676" classname="au.wow.ngbomain.tests.StockTakeTests">
    <error type="org.openqa.selenium.WebDriverException" message="Build info: version: &#039;2.53.0&#039;, revision: &#039;35ae25b&#039;, time: &#039;2016-03-15 16:57:40&#039;
System info: host: &#039;NCDWIN7PXD17050&#039;, ip: &#039;10.136.232.201&#039;, os.name: &#039;Windows 7&#039;, os.arch: &#039;amd64&#039;, os.version: &#039;6.1&#039;, java.version: &#039;1.8.0_131&#039;
Driver info: driver.version: unknown">
      <![CDATA[org.openqa.selenium.WebDriverException: Build info: version: '2.53.0', revision: '35ae25b', time: '2016-03-15 16:57:40'
System info: host: 'NCDWIN7PXD17050', ip: '10.136.232.201', os.name: 'Windows 7', os.arch: 'amd64', os.version: '6.1', java.version: '1.8.0_131'
Driver info: driver.version: unknown
	at au.wow.ngbo.utils.CustomException.exceptionHandler(CustomException.java:65)
	at au.wow.ngbo.utils.CustomException.<init>(CustomException.java:23)
	at au.wow.ngbo.utils.BasePage.click(BasePage.java:478)
	at au.wow.ngbomain.tests.StockTakeTests.CreateDepartmentOnlineStocktake(StockTakeTests.java:258)
	at sun.reflect.NativeMethodAccessorImpl.invoke0(Native Method)
	at sun.reflect.NativeMethodAccessorImpl.invoke(Unknown Source)
	at sun.reflect.DelegatingMethodAccessorImpl.invoke(Unknown Source)
	at java.lang.reflect.Method.invoke(Unknown Source)
	at org.testng.internal.MethodInvocationHelper.invokeMethod(MethodInvocationHelper.java:85)
	at org.testng.internal.Invoker.invokeMethod(Invoker.java:639)
	at org.testng.internal.Invoker.invokeTestMethod(Invoker.java:816)
	at org.testng.internal.Invoker.invokeTestMethods(Invoker.java:1124)
	at org.testng.internal.TestMethodWorker.invokeTestMethods(TestMethodWorker.java:125)
	at org.testng.internal.TestMethodWorker.run(TestMethodWorker.java:108)
	at java.util.concurrent.ThreadPoolExecutor.runWorker(Unknown Source)
	at java.util.concurrent.ThreadPoolExecutor$Worker.run(Unknown Source)
	at java.lang.Thread.run(Unknown Source)
]]>
    </error>
  </testcase> <!-- CreateDepartmentOnlineStocktake -->
  <testcase name="DeleteOpenStocktakes" time="49.656" classname="au.wow.ngbomain.tests.StockTakeTests"/>
  <testcase name="OverrideOpenStocktakes" time="49.391" classname="au.wow.ngbomain.tests.StockTakeTests"/>
  <testcase name="BasecountFiltersWithRecords" time="44.471" classname="au.wow.ngbomain.tests.StockTakeTests"/>
  <testcase name="BasecountFiltersWithRecords" time="44.108" classname="au.wow.ngbomain.tests.StockTakeTests">
    <error type="org.openqa.selenium.NoSuchElementException" message="The element: roxy element for: DefaultElementLocator &#039;By.xpath: //*[@id=&#039;duenowTabId&#039;] could not be found
For documentation on this error, please visit: http://seleniumhq.org/exceptions/no_such_element.html
Build info: version: &#039;2.53.0&#039;, revision: &#039;35ae25b&#039;, time: &#039;2016-03-15 16:57:40&#039;
System info: host: &#039;NCDWIN7PXD17050&#039;, ip: &#039;10.136.232.201&#039;, os.name: &#039;Windows 7&#039;, os.arch: &#039;amd64&#039;, os.version: &#039;6.1&#039;, java.version: &#039;1.8.0_131&#039;
Driver info: driver.version: unknown">
      <![CDATA[org.openqa.selenium.NoSuchElementException: The element: roxy element for: DefaultElementLocator 'By.xpath: //*[@id='duenowTabId'] could not be found
For documentation on this error, please visit: http://seleniumhq.org/exceptions/no_such_element.html
Build info: version: '2.53.0', revision: '35ae25b', time: '2016-03-15 16:57:40'
System info: host: 'NCDWIN7PXD17050', ip: '10.136.232.201', os.name: 'Windows 7', os.arch: 'amd64', os.version: '6.1', java.version: '1.8.0_131'
Driver info: driver.version: unknown
	at au.wow.ngbo.utils.CustomException.exceptionHandler(CustomException.java:38)
	at au.wow.ngbo.utils.CustomException.<init>(CustomException.java:23)
	at au.wow.ngbo.utils.BasePage.click(BasePage.java:478)
	at au.wow.ngbomain.tests.StockTakeTests.BasecountFiltersWithRecords(StockTakeTests.java:976)
	at sun.reflect.NativeMethodAccessorImpl.invoke0(Native Method)
	at sun.reflect.NativeMethodAccessorImpl.invoke(Unknown Source)
	at sun.reflect.DelegatingMethodAccessorImpl.invoke(Unknown Source)
	at java.lang.reflect.Method.invoke(Unknown Source)
	at org.testng.internal.MethodInvocationHelper.invokeMethod(MethodInvocationHelper.java:85)
	at org.testng.internal.Invoker.invokeMethod(Invoker.java:639)
	at org.testng.internal.Invoker.invokeTestMethod(Invoker.java:816)
	at org.testng.internal.Invoker.invokeTestMethods(Invoker.java:1124)
	at org.testng.internal.TestMethodWorker.invokeTestMethods(TestMethodWorker.java:125)
	at org.testng.internal.TestMethodWorker.run(TestMethodWorker.java:108)
	at java.util.concurrent.ThreadPoolExecutor.runWorker(Unknown Source)
	at java.util.concurrent.ThreadPoolExecutor$Worker.run(Unknown Source)
	at java.lang.Thread.run(Unknown Source)
]]>
    </error>
  </testcase> <!-- BasecountFiltersWithRecords -->
  <testcase name="CreateUniqueAdhocStocktake" time="39.854" classname="au.wow.ngbomain.tests.StockTakeTests">
    <error type="org.openqa.selenium.WebDriverException" message="Build info: version: &#039;2.53.0&#039;, revision: &#039;35ae25b&#039;, time: &#039;2016-03-15 16:57:40&#039;
System info: host: &#039;NCDWIN7PXD17050&#039;, ip: &#039;10.136.232.201&#039;, os.name: &#039;Windows 7&#039;, os.arch: &#039;amd64&#039;, os.version: &#039;6.1&#039;, java.version: &#039;1.8.0_131&#039;
Driver info: driver.version: unknown">
      <![CDATA[org.openqa.selenium.WebDriverException: Build info: version: '2.53.0', revision: '35ae25b', time: '2016-03-15 16:57:40'
System info: host: 'NCDWIN7PXD17050', ip: '10.136.232.201', os.name: 'Windows 7', os.arch: 'amd64', os.version: '6.1', java.version: '1.8.0_131'
Driver info: driver.version: unknown
	at au.wow.ngbo.utils.CustomException.exceptionHandler(CustomException.java:65)
	at au.wow.ngbo.utils.CustomException.<init>(CustomException.java:23)
	at au.wow.ngbo.utils.BasePage.click(BasePage.java:478)
	at au.wow.ngbomain.tests.StockTakeTests.CreateUniqueAdhocStocktake(StockTakeTests.java:75)
	at sun.reflect.NativeMethodAccessorImpl.invoke0(Native Method)
	at sun.reflect.NativeMethodAccessorImpl.invoke(Unknown Source)
	at sun.reflect.DelegatingMethodAccessorImpl.invoke(Unknown Source)
	at java.lang.reflect.Method.invoke(Unknown Source)
	at org.testng.internal.MethodInvocationHelper.invokeMethod(MethodInvocationHelper.java:85)
	at org.testng.internal.Invoker.invokeMethod(Invoker.java:639)
	at org.testng.internal.Invoker.invokeTestMethod(Invoker.java:816)
	at org.testng.internal.Invoker.invokeTestMethods(Invoker.java:1124)
	at org.testng.internal.TestMethodWorker.invokeTestMethods(TestMethodWorker.java:125)
	at org.testng.internal.TestMethodWorker.run(TestMethodWorker.java:108)
	at java.util.concurrent.ThreadPoolExecutor.runWorker(Unknown Source)
	at java.util.concurrent.ThreadPoolExecutor$Worker.run(Unknown Source)
	at java.lang.Thread.run(Unknown Source)
]]>
    </error>
  </testcase> <!-- CreateUniqueAdhocStocktake -->
  <testcase name="CreateDepartmentStocktake" time="57.750" classname="au.wow.ngbomain.tests.StockTakeTests"/>
  <testcase name="OverrideNotStartedStocktakes" time="44.693" classname="au.wow.ngbomain.tests.StockTakeTests"/>
  <testcase name="BasecountPageValidation" time="44.177" classname="au.wow.ngbomain.tests.StockTakeTests"/>
  <testcase name="CreateUniqueOnlineStocktake" time="65.974" classname="au.wow.ngbomain.tests.StockTakeTests"/>
  <testcase name="DeleteNotStartedStocktakes" time="45.724" classname="au.wow.ngbomain.tests.StockTakeTests">
    <error type="org.openqa.selenium.NoSuchElementException" message="The element: roxy element for: DefaultElementLocator &#039;By.xpath: //*[@id=&#039;duenowTabId&#039;] could not be found
For documentation on this error, please visit: http://seleniumhq.org/exceptions/no_such_element.html
Build info: version: &#039;2.53.0&#039;, revision: &#039;35ae25b&#039;, time: &#039;2016-03-15 16:57:40&#039;
System info: host: &#039;NCDWIN7PXD17050&#039;, ip: &#039;10.136.232.201&#039;, os.name: &#039;Windows 7&#039;, os.arch: &#039;amd64&#039;, os.version: &#039;6.1&#039;, java.version: &#039;1.8.0_131&#039;
Driver info: driver.version: unknown">
      <![CDATA[org.openqa.selenium.NoSuchElementException: The element: roxy element for: DefaultElementLocator 'By.xpath: //*[@id='duenowTabId'] could not be found
For documentation on this error, please visit: http://seleniumhq.org/exceptions/no_such_element.html
Build info: version: '2.53.0', revision: '35ae25b', time: '2016-03-15 16:57:40'
System info: host: 'NCDWIN7PXD17050', ip: '10.136.232.201', os.name: 'Windows 7', os.arch: 'amd64', os.version: '6.1', java.version: '1.8.0_131'
Driver info: driver.version: unknown
	at au.wow.ngbo.utils.CustomException.exceptionHandler(CustomException.java:38)
	at au.wow.ngbo.utils.CustomException.<init>(CustomException.java:23)
	at au.wow.ngbo.utils.BasePage.click(BasePage.java:478)
	at au.wow.ngbomain.tests.StockTakeTests.DeleteNotStartedStocktakes(StockTakeTests.java:1241)
	at sun.reflect.NativeMethodAccessorImpl.invoke0(Native Method)
	at sun.reflect.NativeMethodAccessorImpl.invoke(Unknown Source)
	at sun.reflect.DelegatingMethodAccessorImpl.invoke(Unknown Source)
	at java.lang.reflect.Method.invoke(Unknown Source)
	at org.testng.internal.MethodInvocationHelper.invokeMethod(MethodInvocationHelper.java:85)
	at org.testng.internal.Invoker.invokeMethod(Invoker.java:639)
	at org.testng.internal.Invoker.invokeTestMethod(Invoker.java:816)
	at org.testng.internal.Invoker.invokeTestMethods(Invoker.java:1124)
	at org.testng.internal.TestMethodWorker.invokeTestMethods(TestMethodWorker.java:125)
	at org.testng.internal.TestMethodWorker.run(TestMethodWorker.java:108)
	at java.util.concurrent.ThreadPoolExecutor.runWorker(Unknown Source)
	at java.util.concurrent.ThreadPoolExecutor$Worker.run(Unknown Source)
	at java.lang.Thread.run(Unknown Source)
]]>
    </error>
  </testcase> <!-- DeleteNotStartedStocktakes -->
  <testcase name="CreateDepartmentOnlineStocktake" time="64.505" classname="au.wow.ngbomain.tests.StockTakeTests"/>
  <testcase name="BasecountReport" time="45.172" classname="au.wow.ngbomain.tests.StockTakeTests"/>
  <testcase name="BasecountFiltersWithRecords" time="53.940" classname="au.wow.ngbomain.tests.StockTakeTests">
    <error type="org.openqa.selenium.NoSuchElementException" message="The element: roxy element for: DefaultElementLocator &#039;By.xpath: //*[@id=&#039;duenowTabId&#039;] could not be found
For documentation on this error, please visit: http://seleniumhq.org/exceptions/no_such_element.html
Build info: version: &#039;2.53.0&#039;, revision: &#039;35ae25b&#039;, time: &#039;2016-03-15 16:57:40&#039;
System info: host: &#039;NCDWIN7PXD17050&#039;, ip: &#039;10.136.232.201&#039;, os.name: &#039;Windows 7&#039;, os.arch: &#039;amd64&#039;, os.version: &#039;6.1&#039;, java.version: &#039;1.8.0_131&#039;
Driver info: driver.version: unknown">
      <![CDATA[org.openqa.selenium.NoSuchElementException: The element: roxy element for: DefaultElementLocator 'By.xpath: //*[@id='duenowTabId'] could not be found
For documentation on this error, please visit: http://seleniumhq.org/exceptions/no_such_element.html
Build info: version: '2.53.0', revision: '35ae25b', time: '2016-03-15 16:57:40'
System info: host: 'NCDWIN7PXD17050', ip: '10.136.232.201', os.name: 'Windows 7', os.arch: 'amd64', os.version: '6.1', java.version: '1.8.0_131'
Driver info: driver.version: unknown
	at au.wow.ngbo.utils.CustomException.exceptionHandler(CustomException.java:38)
	at au.wow.ngbo.utils.CustomException.<init>(CustomException.java:23)
	at au.wow.ngbo.utils.BasePage.click(BasePage.java:478)
	at au.wow.ngbomain.tests.StockTakeTests.BasecountFiltersWithRecords(StockTakeTests.java:976)
	at sun.reflect.NativeMethodAccessorImpl.invoke0(Native Method)
	at sun.reflect.NativeMethodAccessorImpl.invoke(Unknown Source)
	at sun.reflect.DelegatingMethodAccessorImpl.invoke(Unknown Source)
	at java.lang.reflect.Method.invoke(Unknown Source)
	at org.testng.internal.MethodInvocationHelper.invokeMethod(MethodInvocationHelper.java:85)
	at org.testng.internal.Invoker.invokeMethod(Invoker.java:639)
	at org.testng.internal.Invoker.retryFailed(Invoker.java:963)
	at org.testng.internal.Invoker.invokeTestMethods(Invoker.java:1142)
	at org.testng.internal.TestMethodWorker.invokeTestMethods(TestMethodWorker.java:125)
	at org.testng.internal.TestMethodWorker.run(TestMethodWorker.java:108)
	at java.util.concurrent.ThreadPoolExecutor.runWorker(Unknown Source)
	at java.util.concurrent.ThreadPoolExecutor$Worker.run(Unknown Source)
	at java.lang.Thread.run(Unknown Source)
]]>
    </error>
  </testcase> <!-- BasecountFiltersWithRecords -->
  <testcase name="CreateUniqueAdhocStocktake" time="63.217" classname="au.wow.ngbomain.tests.StockTakeTests"/>
  <testcase name="DeleteNotStartedStocktakes" time="47.248" classname="au.wow.ngbomain.tests.StockTakeTests"/>
</testsuite> <!-- au.wow.ngbomain.tests.StockTakeTests -->
