<!DOCTYPE html PUBLIC "-//W3C//DTD HTML 4.01 Transitional//EN">
<html xmlns:string="xalan://java.lang.String" xmlns:lxslt="http://xml.apache.org/xslt">
<head>
<META http-equiv="Content-Type" content="text/html; charset=UTF-8">
<title>Unit Test Results.</title>
<style type="text/css">
      body {
        font:normal 68% verdana,arial,helvetica;
        color:#000000;
      }
      table tr td, table tr th {
          font-size: 68%;
      }
      table.details tr th{
        font-weight: bold;
        text-align:left;
        background:#a6caf0;
      }
      table.details tr td{
        background:#eeeee0;
      }

      p {
        line-height:1.5em;
        margin-top:0.5em; margin-bottom:1.0em;
      }
      h1 {
        margin: 0px 0px 5px; font: 165% verdana,arial,helvetica
      }
      h2 {
        margin-top: 1em; margin-bottom: 0.5em; font: bold 125% verdana,arial,helvetica
      }
      h3 {
        margin-bottom: 0.5em; font: bold 115% verdana,arial,helvetica
      }
      h4 {
        margin-bottom: 0.5em; font: bold 100% verdana,arial,helvetica
      }
      h5 {
        margin-bottom: 0.5em; font: bold 100% verdana,arial,helvetica
      }
      h6 {
        margin-bottom: 0.5em; font: bold 100% verdana,arial,helvetica
      }
      .Error {
        font-weight:bold; color:red;
      }
      .Failure {
        font-weight:bold; color:purple;
      }
      .Properties {
        text-align:right;
      }
      </style>
<script type="text/javascript" language="JavaScript">
        var TestCases = new Array();
        var cur;
        </script><script type="text/javascript" language="JavaScript">
        function displayProperties (name) {
          var win = window.open('','JUnitSystemProperties','scrollbars=1,resizable=1');
          var doc = win.document;
          doc.open();
          doc.write("<html><head><title>Properties of " + name + "</title>");
          doc.write("<style>")
          doc.write("body {font:normal 68% verdana,arial,helvetica; color:#000000; }");
          doc.write("table tr td, table tr th { font-size: 68%; }");
          doc.write("table.properties { border-collapse:collapse; border-left:solid 1 #cccccc; border-top:solid 1 #cccccc; padding:5px; }");
          doc.write("table.properties th { text-align:left; border-right:solid 1 #cccccc; border-bottom:solid 1 #cccccc; background-color:#eeeeee; }");
          doc.write("table.properties td { font:normal; text-align:left; border-right:solid 1 #cccccc; border-bottom:solid 1 #cccccc; background-color:#fffffff; }");
          doc.write("h3 { margin-bottom: 0.5em; font: bold 115% verdana,arial,helvetica }");
          doc.write("</style>");
          doc.write("</head><body>");
          doc.write("<h3>Properties of " + name + "</h3>");
          doc.write("<div align=\"right\"><a href=\"javascript:window.close();\">Close</a></div>");
          doc.write("<table class='properties'>");
          doc.write("<tr><th>Name</th><th>Value</th></tr>");
          for (prop in TestCases[name]) {
            doc.write("<tr><th>" + prop + "</th><td>" + TestCases[name][prop] + "</td></tr>");
          }
          doc.write("</table>");
          doc.write("</body></html>");
          doc.close();
          win.focus();
        }
      
      </script>
</head>
<body>
<a name="top"></a>
<h1>Unit Test Results.</h1>
<table width="100%">
<tr>
<td align="left"></td><td align="right">Designed for use with <a href="http://www.junit.org">JUnit</a> and <a href="http://ant.apache.org/ant">Ant</a>.</td>
</tr>
</table>
<hr size="1">
<h2>Summary</h2>
<table class="details" border="0" cellpadding="5" cellspacing="2" width="95%">
<tr valign="top">
<th>Tests</th><th>Failures</th><th>Errors</th><th>Skipped</th><th>Success rate</th><th>Time</th>
</tr>
<tr valign="top" class="Error">
<td>8</td><td>0</td><td>5</td><td>0</td><td>37.50%</td><td>1836.948</td>
</tr>
</table>
<table border="0" width="95%">
<tr>
<td style="text-align: justify;">
        Note: <i>failures</i> are anticipated and checked for with assertions while <i>errors</i> are unanticipated.
        </td>
</tr>
</table>
<hr size="1" width="95%" align="left">
<h2>Packages</h2>
        Note: package statistics are not computed recursively, they only sum up all of its testsuites numbers.
        <table class="details" border="0" cellpadding="5" cellspacing="2" width="95%">
<tr valign="top">
<th width="80%">Name</th><th>Tests</th><th>Errors</th><th>Failures</th><th>Skipped</th><th nowrap>Time(s)</th><th nowrap>Time Stamp</th><th>Host</th>
</tr>
<tr valign="top" class="Error">
<td><a href="#au.wow.ngbomain.tests">au.wow.ngbomain.tests</a></td><td>8</td><td>5</td><td>0</td><td>0</td><td>1836.948</td><td>4 Jan 2017 17:11:35 GMT</td><td>NNORSOWGLT182</td>
</tr>
</table>
<hr size="1" width="95%" align="left">
<a name="au.wow.ngbomain.tests"></a>
<h3>Package au.wow.ngbomain.tests</h3>
<table class="details" border="0" cellpadding="5" cellspacing="2" width="95%">
<tr valign="top">
<th width="80%">Name</th><th>Tests</th><th>Errors</th><th>Failures</th><th>Skipped</th><th nowrap>Time(s)</th><th nowrap>Time Stamp</th><th>Host</th>
</tr>
<tr valign="top" class="Error">
<td><a href="#ArticleDetailTests">ArticleDetailTests</a></td><td>4</td><td>4</td><td>0</td><td></td><td>1557.057</td><td>4 Jan 2017 17:11:35 GMT</td><td>NNORSOWGLT182</td>
</tr>
<tr valign="top" class="Error">
<td><a href="#ArticleLookUpTests">ArticleLookUpTests</a></td><td>4</td><td>1</td><td>0</td><td></td><td>279.891</td><td>4 Jan 2017 17:11:35 GMT</td><td>NNORSOWGLT182</td>
</tr>
</table>
<a href="#top">Back to top</a>
<p></p>
<p></p>
<hr size="1" width="95%" align="left">
<a name="ArticleDetailTests"></a>
<h3>TestCase ArticleDetailTests</h3>
<table class="details" border="0" cellpadding="5" cellspacing="2" width="95%">
<tr valign="top">
<th>Name</th><th>Status</th><th width="80%">Type</th><th nowrap>Time(s)</th>
</tr>
<tr valign="top" class="Error">
<td>verifyNearByStore</td><td>Error</td><td>Build info: version: '2.53.0', revision: '35ae25b', time: '2016-03-15 16:57:40' System info: host: 'NNORSOWGLT182', ip: '10.57.41.152', os.name: 'Windows 7', os.arch: 'amd64', os.version: '6.1', java.version: '1.8.0_111' Driver info: driver.version: unknown<code>
<br>
<br>
<br>      org.openqa.selenium.WebDriverException: Build info: version: '2.53.0', revision: '35ae25b', time: '2016-03-15 16:57:40'<br>System info: host: 'NNORSOWGLT182', ip: '10.57.41.152', os.name: 'Windows 7', os.arch: 'amd64', os.version: '6.1', java.version: '1.8.0_111'<br>Driver info: ddriver.version: unknown<br>	at au.wow.ngbo.utils.CustomException.exceptionHandler(Unknown Source)<br>	at au.wow.ngbo.utils.CustomException.&lt;init&gt;(Unknown Source)<br>	at au.wow.ngbo.utils.BasePage.click(Unknown Source)<br>	at au.wow.ngbomain.pages.ArticleLookUpPage.ClickFirsstRow(Unknown Source)<br>	at au.wow.ngbomain.tests.ArticleDetailTests.verifyNearByStore(Unknown Source)<br>	at sun.reflect.NativeMethodAccesssorImpl.invoke0(Native Method)<br>	at sun.reflect.NativeMethodAccessorImpl.invoke(NativeMethodAccessorImpl.java:62)<br>	at sun.reflect.DelegatingMethodAcceessorImpl.invoke(DelegatingMethodAccessorImpl.java:43)<br>	at java.lang.reflect.Method.invoke(Method.java:498)<br>	at org.testng.internal.MethodInvocationHelper.invokeMethod(MethodInvocationHelper.java:85)<br>	at org.testng.internal.Invoker.invokeMethod(Invoker.java:639)<br>	at org.testng.internal.Invoker.invokeTestMethod(Invoker.java:816)<br>	at org.testng.internal.Invoker.invokeTestMethods(Invoker.java:1124)<br>	at org.testng.internal.TestMethodWorker.invokeTestMethods(TestMethodWorker.java:125)<br>	at org.testng.internal.TestMethodWorker.run(TestMethodWorker.java:108)<br>	at org.testng.TestRunner.privateRun(TestRunner.java:7774)<br>	at org.testng.TestRunner.run(TestRunner.java:624)<br>	at org.testng.SuiteRunner.runTest(SuiteRunner.java:359)<br>	at org.testng.SuiteRunner.runSequentially(SuiteRunner.javva:354)<br>	at org.testng.SuiteRunner.privateRun(SuiteRunner.java:3312)<br>	at org.testng.SuiteRunner.run(SuiteRunner.java:261)<br>	at org.testng.SuiteRunnerWorker.runSuite(SuiteRunnerWorker.java:52)<br>	at org.testng.SuiteRunnerWorker.run(SuiteRunnerWorker.java:86)<br>	at org.testng.TestNG.runSuitesSequentially(TestNG.java:1215)<br>	at org.testng.TestNG.runSuitesLocally(TestNG.java:1140)<br>	at org.testng.TesttNG.run(TestNG.java:1048)<br>	at org.testng.TestNG.privateMain(TestNG.java:1355)<br>	at org.testng.TestNG.maiin(TestNG.java:1324)<br>
<br>    
</code></td><td>934.815</td>
</tr>
<tr valign="top" class="Error">
<td>checkPOSPrice</td><td>Error</td><td>Build info: version: '2.53.0', revision: '35ae25b', time: '2016-03-15 16:57:40' System info: host: 'NNORSOWGLT182', ip: '10.57.41.152', os.name: 'Windows 7', os.arch: 'amd64', os.version: '6.1', java.version: '1.8.0_111' Driver info: driver.version: unknown<code>
<br>
<br>
<br>      org.openqa.selenium.WebDriverException: Build info: version: '2.53.0', revision: '35ae25b', time: '2016-03-15 16:57:40'<br>System info: host: 'NNORSSOWGLT182', ip: '10.57.41.152', os.name: 'Windows 7', os.arch: 'amd64', os.version: '6.1', java.version: '1.8.0_111'<br>Driver info: driver.version: unknown<br>	at au.wow.ngbo.utils.CustomException.exceptionHandler(Unknown Souurce)<br>	at au.wow.ngbo.utils.CustomException.&lt;init&gt;(Unknown Source))<br>	at au.wow.ngbo.utils.BasePage.click(Unknown Source)<br>	at au.wow.ngbomain.pages.ArticleDetailsPage.fnCheckPPOSPrice(Unknown Source)<br>	at au.wow.ngbomain.tests.ArticleDetailTests.checkPOSPrice(Unknown Soource)<br>	at sun.reflect.NativeMethodAccessorImpl.invoke0(Native Method)<br>	at sun.reflect..NativeMethodAccessorImpl.invoke(NativeMethodAccessorImpl.java:62)<br>	at sun.reflect.DelegatingMethodAccessorImpl.invoke(DelegatingMethodAccessorImpl.java:43)<br>	at java.lang.reflect.Method.invoke(Method.java:498)<br>	at org.testng.internal.MethodInvocationHelper.invookeMethod(MethodInvocationHelper.java:85)<br>	at org.testng.internal.Invoker.invokeeMethod(Invoker.java:639)<br>	at org.testng.internal.Invoker.invokeTestMethod(Invoker.java:816)<br>	at org.testng.internal.Invoker.invokeTestMethods(Invoker.java:1124)<br>	at org.testng.internal.TestMethodWorker.invokeTestMethods(TestMethodWorker.java:125)<br>	at org.testng.internal.TestMethodWorker.run(TestMethodWorker.java:108)<br>	at org.testng.TestRunner.privateRun(TestRunner.java:7774)<br>	at org.testng.TestRunner.run(TestRunner.java:624)<br>	at org.testng.SuiteRunner.runTest(SuiteRunner.java:359)<br>	at org.testng.SuiteRunner.runSequentially(SuiteRunner.javva:354)<br>	at org.testng.SuiteRunner.privateRun(SuiteRunner.java:3312)<br>	at org.testng.SuiteRunner.run(SuiteRunner.java:261)<br>	at org.testng.SuiteRunnerWorker.runSuite(SuiteRunnerWorker.java:52)<br>	at org.testng.SuiteRunnerWorker.run(SuiteRunnerWorker.java:86)<br>	at org.testng.TestNG.runSuitesSequentially(TestNG.java:1215)<br>	at org.testng.TestNG.runSuitesLocally(TestNG.java:1140)<br>	at org.testng.TesttNG.run(TestNG.java:1048)<br>	at org.testng.TestNG.privateMain(TestNG.java:1355)<br>	at org.testng.TestNG.maiin(TestNG.java:1324)<br>
<br>    
</code></td><td>97.319</td>
</tr>
<tr valign="top" class="Error">
<td>verifySalesHistory</td><td>Error</td><td>Build info: version: '2.53.0', revision: '35ae25b', time: '2016-03-15 16:57:40' System info: host: 'NNORSOWGLT182', ip: '10.57.41.152', os.name: 'Windows 7', os.arch: 'amd64', os.version: '6.1', java.version: '1.8.0_111' Driver info: driver.version: unknown<code>
<br>
<br>
<br>      org.openqa.selenium.WebDriverException: Build info: version: '2.53.0', revision: '35ae25b', time: '2016-03-15 16:57:40'<br>System info: host: 'NNORSSOWGLT182', ip: '10.57.41.152', os.name: 'Windows 7', os.arch: 'amd64', os.version: '6.1', java.version: '1.8.0_111'<br>Driver info: driver.version: unknown<br>	at au.wow.ngbo.utils.CustomException.exceptionHandler(Unknown Souurce)<br>	at au.wow.ngbo.utils.CustomException.&lt;init&gt;(Unknown Source)<br>
<br>	at au.wow.ngbo.utils.BasePage.click(Unknown Source)<br>	at au.wow.ngbomain.tests.ArticleDetailTests.verifySalesHistory(Unknown Source)<br>	at sun.reflect.NativeMethodAccessorImpl.invoke0(Native Method)<br>	at sun.reflect.NativeMethodAccessorImpl.invoke(NativeMethodAccessorImpl.java:622)<br>	at sun.reflect.DelegatingMethodAccessorImpl.invoke(DelegatingMethodAcccessorImpl.java:43)<br>	at java.lang.reflect.Method.invoke(Method.java:498)<br>	at org.testng.internal.MethodInvocationHelper.invokeMethod(MethodInvocationHelper.java:85)<br>	at org.testng.inteernal.Invoker.invokeMethod(Invoker.java:639)<br>	at org.tesstng.internal.Invoker.invokeTestMethod(Invoker.java:816)<br>	at org.testng.internal.Invoker.invokeTestMethods(Invoker.java:1124)<br>	at org.testng.internal.TestMethodWorker.invokeTestMethods(TestMethodWorkker.java:125)<br>	at org.testng.internal.TestMethodWorker.run(TestMethodWorker.java:108)<br>	at org.testng.TestRunner.privateRun(TestRunner.java:774)<br>	at org.testng.TestRunner.run(TestRunner.java:624)<br>	at org.testng.SuiteRunner.runTest(SuiteRunner.java:359)<br>	at org..testng.SuiteRunner.runSequentially(SuiteRunner.java:354)<br>	at org.testng.SuiteRunner.privateRun(SuiteRunner.java:312)<br>	at org.testng.SuiteRunner.run(SuiteRunner.java:261)<br>	at org.testng.SuiteRunnerWorker.runSuite(SuiteRunnerWorker.java:52)<br>	at org.testng.SuiteRunnerWorker.run(SuiteRunnerWorker.java:86)<br>	at org.testng.TestNG.runSuitesSequentially(TestNG.java:1215)<br>	at org.testng.TestNG.runSuitesLocally(TestNG.java:1140)<br>	at org.testng.TesttNG.run(TestNG.java:1048)<br>	at org.testng.TestNG.privateMain(TestNG.java:1355)<br>	at org.testng.TestNG.maiin(TestNG.java:1324)<br>
<br>    
</code></td><td>429.822</td>
</tr>
<tr valign="top" class="Error">
<td>checkGrossProfit</td><td>Error</td><td>The element: roxy element for: DefaultElementLocator 'By.xpath: //*[@id='articleHierarchy']/li[1] could not be found For documentation on this error, please visit: http://seleniumhq.org/exceptions/no_such_element.html Build info: version: '2.53.0', revision: '35ae25b', time: '2016-03-15 16:57:40' System info: host: 'NNORSOWGLT182', ip: '10.57.41.152', os.name: 'Windows 7', os.arch: 'amd64', os.version: '6.1', java.version: '1.8.0_111' Driver info: driver.version: unknown<code>
<br>
<br>
<br>      org.openqa.selenium.NoSuchElementException: The element: roxy element for: DefaultElementLocator 'By.xpath: //*[@id='articleHieerarchy']/li[1] could not be found<br>For documentation on this error, please visit: http://seleniumhq.org/exceptions/no_such_element.html<br>Build info: version: '2.53.0', revision: '35ae25b', time: '22016-03-15 16:57:40'<br>System info: host: 'NNORSOWGLT182', ip: '10.57.41.152', os.name: 'Windows 7', os.arch: 'amd64', os.version: '6.1', java.version: '1.8.0_111'<br>Driver info: driver.version: unknown<br>	at au.wow.ngbo.utils.CustomException.exceptionHandler(Unknown Source)<br>	at au.wow.ngbo.utils.CustomException.&lt;init&gt;(Unknown Source)<br>	at au.wow.ngbo.utils.BasePage.getText(Unknown Source)<br>	at au.wow.ngbomain.pages.ArticleDetailsPage.fnChecckGrossProfit(Unknown Source)<br>	at au.wow.ngbomain.tests.ArticleDetailTests.checkGrossProfit(Unknown Source)<br>	at sun.reflect.NativeMethodAccessorImpl.invoke0(Native Method)<br>	at sun.reflect.NatiiveMethodAccessorImpl.invoke(NativeMethodAccessorImpl.java:62)<br>	at sun.reflect.DelegatingMethodAccessorImpl.invoke(DelegatingMethodAcccessorImpl.java:43)<br>	at java.lang.reflect.Method.invoke(Method.java:498)<br>	at org.testng..internal.MethodInvocationHelper.invokeMethod(MethodInvocationHelper.java:85)<br>	at org.testng.internal.Invoker.invokeMethod(Invoker.java:639)<br>	at org.testng.internal.Invoker.invokeTestMethod(Invoker.java:816)<br>	at org.testng.internal.Invoker.invokeTestMethodds(Invoker.java:1124)<br>	at org.testng.internal.TestMethodWorker.invokeTestMethods(TestMethodWorker.java:125)<br>	at org.testng.internal.TestMethodWorker.run(TestMethodWorker.java:108)<br>	at org.testng.TestRunner.privateRun(TestRunner.java:774)<br>	at org.testng.TestRunnerr.run(TestRunner.java:624)<br>	at orrg.testng.SuiteRunner.runTest(SuiteRunner.java:359)<br>	at org.testng.SuiteRunner.runSequentially(SuiteRunner.java:354)<br>	at org.testng.SuiteRunner.privateRun(SuiteRunner.java:3312)<br>	at org.testng.SuiteRunner.run(SuiteRunner.java:261)<br>	at org.testng.SuiteRunnerWorker.runSuite(SuiteRunnerWorker.java:52)<br>	at org.testng.SuiteRunnerWorker.run(SuiteRunnerWorker.java:86)<br>	at org.testng.TestNG.runSuitesSequentially(TestNG.java:1215)<br>	at org.testng.TestNG.runSuitesLocally(TestNG.java:1140)<br>	at org.testng.TesttNG.run(TestNG.java:1048)<br>	at org.testng.TestNG.privateMain(TestNG.java:1355)<br>	at org.testng.TestNG.maiin(TestNG.java:1324)<br>
<br>    
</code></td><td>95.101</td>
</tr>
</table>
<div class="Properties">
<a href="javascript:displayProperties('au.wow.ngbomain.tests.ArticleDetailTests');">
                    Properties &raquo;
                </a>
</div>
<p></p>
<a href="#top">Back to top</a><a name="ArticleLookUpTests"></a>
<h3>TestCase ArticleLookUpTests</h3>
<table class="details" border="0" cellpadding="5" cellspacing="2" width="95%">
<tr valign="top">
<th>Name</th><th>Status</th><th width="80%">Type</th><th nowrap>Time(s)</th>
</tr>
<tr valign="top" class="">
<td>VerifyRangedArticles</td><td>Success</td><td></td><td>68.995</td>
</tr>
<tr valign="top" class="Error">
<td>VerifyAdvanceSearch</td><td>Error</td><td>Build info: version: '2.53.0', revision: '35ae25b', time: '2016-03-15 16:57:40' System info: host: 'NNORSOWGLT182', ip: '10.57.41.152', os.name: 'Windows 7', os.arch: 'amd64', os.version: '6.1', java.version: '1.8.0_111' Driver info: driver.version: unknown<code>
<br>
<br>
<br>      org.openqa.selenium.WebDriverException: Build info: version: '2.53.0', revision: '35ae25b', time: '2016-03-15 16:57:40'<br>System info: host: 'NNORSOWGLT182', ip: '10.57.41.152', os.name: 'Windows 7', os.arch: 'amd64', os.version: '6.1', java.version: '1.8.0_111'<br>Driver info: drriver.version: unknown<br>	at au.wow.ngbo.utils.CustomException.exceptionHandler(Unknown Source)<br>	at au.wow.ngbo.utils.CustomException.&lt;init&gt;(Unknown Source)<br>	at au.wow.ngbo.utils.BasePage.click(Unknown Source)<br>	at au.wow.ngbomain.pages.ArticleLookUpPage.ClickResetSearch(Unknown Source)<br>	at au.wow.ngbomain.pages.ArticleLookUpPage.fnSearchWithNUmandEAN(Unknown Source))<br>	at au.wow.ngbomain.tests.ArticleLookUpTests.VerifyAdvanceSearch(Unknown Source)<br>	at sun.reflect.NativeMethodAccessorImpl.invoke0(Native Method)<br>	at sun.reflect.NativeMethodAccessorImpl.invooke(NativeMethodAccessorImpl.java:62)<br>	at sun.reflect.DelegatingMethodAccessorImpl.invoke(DelegatingMethodAcccessorImpl.java:43)<br>	at java.lang.reflect.Method.invoke(Method.java:498)<br>	at org.testng.internal.MethodInvocationHelper.invokeMethod(MethodInvocationHelper.javva:85)<br>	at org.testng.internal.Invoker.invokeMethod(Invoker.java:639)<br>	at org.testng.internal.Invoker.invokeTestMethod(Invoker.java:816)<br>	at org.testng.internal.Invoker.invokeTestMethodds(Invoker.java:1124)<br>	at org.testng.internal.TestMethodWorker.invokeTestMethods(TestMethodWorker.java:125)<br>	at org.testng.internal.TestMethodWorker.run(TestMethodWorker.java:108)<br>	at org.testng.TestRunner.privateRun(TestRunner.java:774)<br>	at org.testng.TestRunnerr.run(TestRunner.java:624)<br>	at orrg.testng.SuiteRunner.runTest(SuiteRunner.java:359)<br>	at org.testng.SuiteRunner.runSequentially(SuiteRunner.java:354)<br>	at org.testng.SuiteRunner.privateRun(SuiteRunner.java:3312)<br>	at org.testng.SuiteRunner.run(SuiteRunner.java:261)<br>	at org.testng.SuiteRunnerWorker.runSuite(SuiteRunnerWorker.java:52)<br>	at org.testng.SuiteRunnerWorker.run(SuiteRunnerWorker.java:86)<br>	at org.testng.TestNG.runSuitesSequentially(TestNG.java:1215)<br>	at org.testng.TestNG.runSuitesLocally(TestNG.java:1140)<br>	at org.testng.TesttNG.run(TestNG.java:1048)<br>	at org.testng.TestNG.privateMain(TestNG.java:1355)<br>	at org.testng.TestNG.maiin(TestNG.java:1324)<br>
<br>    
</code></td><td>61.171</td>
</tr>
<tr valign="top" class="">
<td>VerifyingDepartmentHierarchyAll</td><td>Success</td><td></td><td>77.502</td>
</tr>
<tr valign="top" class="">
<td>VerifyDeptAndAdvanceSearch</td><td>Success</td><td></td><td>72.223</td>
</tr>
</table>
<div class="Properties">
<a href="javascript:displayProperties('au.wow.ngbomain.tests.ArticleLookUpTests');">
                    Properties &raquo;
                </a>
</div>
<p></p>
<a href="#top">Back to top</a>
</body>
</html>
